Arguments: 
  C:\Program Files\nodejs\node.exe C:\Users\Joanna\AppData\Roaming\npm\node_modules\yarn\bin\yarn.js init

PATH: 
  C:\Program Files\Amazon Corretto\jdk1.8.0_265\bin;C:\Program Files (x86)\Intel\iCLS Client\;C:\Program Files\Intel\iCLS Client\;C:\Program Files (x86)\NVIDIA Corporation\PhysX\Common;C:\Windows\system32;C:\Windows;C:\Windows\System32\Wbem;C:\Windows\System32\WindowsPowerShell\v1.0\;C:\Program Files (x86)\Acer\abFiles\;C:\Program Files\Intel\Intel(R) Management Engine Components\DAL;C:\Program Files (x86)\Intel\Intel(R) Management Engine Components\DAL;C:\Program Files\Intel\Intel(R) Management Engine Components\IPT;C:\Program Files (x86)\Intel\Intel(R) Management Engine Components\IPT;C:\Program Files\Intel\WiFi\bin\;C:\Program Files\Common Files\Intel\WirelessCommon\;C:\WINDOWS\system32;C:\WINDOWS;C:\WINDOWS\System32\Wbem;C:\WINDOWS\System32\WindowsPowerShell\v1.0\;C:\WINDOWS\System32\OpenSSH\;C:\Program Files\Git\cmd;C:\Users\Joanna\AppData\Roaming\npm;C:\Program Files\nodejs\;C:\Program Files\Heroku\bin;C:\Program Files (x86)\Common Files\Acronis\VirtualFile\;C:\Program Files (x86)\Common Files\Acronis\VirtualFile64\;C:\Program Files (x86)\Common Files\Acronis\SnapAPI\;C:\Program Files\Crucial\Crucial Storage Executive;C:\Users\Joanna\AppData\Roaming\npm;C:\Users\Joanna\AppData\Local\Yarn\bin;C:\Users\Joanna\anaconda3;C:\Users\Joanna\anaconda3\Library\mingw-w64\bin;C:\Users\Joanna\anaconda3\Library\usr\bin;C:\Users\Joanna\anaconda3\Library\bin;C:\Users\Joanna\anaconda3\Scripts;C:\Users\Joanna\AppData\Local\Microsoft\WindowsApps;C:\Program Files\JetBrains\IntelliJ IDEA Community Edition 2020.2.1\bin;C:\Program Files\heroku\bin;C:\Users\Joanna\AppData\Local\Programs\Microsoft VS Code\bin

Yarn version: 
  1.22.15

Node version: 
  14.17.0

Platform: 
  win32 x64

Trace: 
  SyntaxError: D:\Kodilla\Web Developer 2021-03\ZADANIA\rozdzial_28_chat\package.json: Unexpected end of JSON input
      at JSON.parse (<anonymous>)
      at C:\Users\Joanna\AppData\Roaming\npm\node_modules\yarn\lib\cli.js:1625:59
      at Generator.next (<anonymous>)
      at step (C:\Users\Joanna\AppData\Roaming\npm\node_modules\yarn\lib\cli.js:310:30)
      at C:\Users\Joanna\AppData\Roaming\npm\node_modules\yarn\lib\cli.js:321:13

npm manifest: 
  

yarn manifest: 
  No manifest

Lockfile: 
  No lockfile
